<?xml version="1.0" encoding="UTF-8"?>
<!-- Generated by org.testng.reporters.JUnitReportReporter -->
<testsuite hostname="SriRam" name="com.testing.OANDA.OANDA_DriverScriptTest" tests="1" failures="0" timestamp="8 Oct 2017 23:46:12 GMT" time="912.894" errors="0">
  <testcase name="Runner" time="912.894" classname="com.testing.OANDA.OANDA_DriverScriptTest"/>
</testsuite> <!-- com.testing.OANDA.OANDA_DriverScriptTest -->
